This is pdfTeX, Version 3.1415926-2.4-1.40.13 (TeX Live 2012/Debian) (format=pdflatex 2013.7.11)  13 DEC 2013 12:29
entering extended mode
 \write18 enabled.
 %&-line parsing enabled.
**"thesis (1).tex"
(./thesis (1).tex
LaTeX2e <2011/06/27>
Babel <v3.8m> and hyphenation patterns for english, dumylang, nohyphenation, lo
aded.
(./dalcsthesis.cls
Document Class: dalcsthesis 2005/02/24 v2.4 Dalhousie University thesis class
(/usr/share/texlive/texmf-dist/tex/latex/base/report.cls
Document Class: report 2007/10/19 v1.4h Standard LaTeX document class
(/usr/share/texlive/texmf-dist/tex/latex/base/size12.clo
File: size12.clo 2007/10/19 v1.4h Standard LaTeX file (size option)
)
\c@part=\count79
\c@chapter=\count80
\c@section=\count81
\c@subsection=\count82
\c@subsubsection=\count83
\c@paragraph=\count84
\c@subparagraph=\count85
\c@figure=\count86
\c@table=\count87
\abovecaptionskip=\skip41
\belowcaptionskip=\skip42
\bibindent=\dimen102
)
(/usr/share/texlive/texmf-dist/tex/latex/tools/afterpage.sty
Package: afterpage 1995/10/27 v1.08 After-Page Package (DPC)
\AP@output=\toks14
\AP@partial=\box26
\AP@footins=\box27
)
\dal@textheight@default=\skip43
\dal@textheight@footer=\skip44
\dal@tempdima=\dimen103
\dal@tempdimb=\dimen104
\dal@supervisornum=\count88
\c@dal@signatures=\count89
\c@dal@readernum=\count90
) (./graphicx.sty
Package: graphicx 1999/02/16 v1.0f Enhanced LaTeX Graphics (DPC,SPQR)

(/usr/share/texlive/texmf-dist/tex/latex/graphics/keyval.sty
Package: keyval 1999/03/16 v1.13 key=value parser (DPC)
\KV@toks@=\toks15
)
(/usr/share/texlive/texmf-dist/tex/latex/graphics/graphics.sty
Package: graphics 2009/02/05 v1.0o Standard LaTeX Graphics (DPC,SPQR)

(/usr/share/texlive/texmf-dist/tex/latex/graphics/trig.sty
Package: trig 1999/03/16 v1.09 sin cos tan (DPC)
)
(/usr/share/texlive/texmf-dist/tex/latex/latexconfig/graphics.cfg
File: graphics.cfg 2010/04/23 v1.9 graphics configuration of TeX Live
)
Package graphics Info: Driver file: pdftex.def on input line 91.

(/usr/share/texlive/texmf-dist/tex/latex/pdftex-def/pdftex.def
File: pdftex.def 2011/05/27 v0.06d Graphics/color for pdfTeX

(/usr/share/texlive/texmf-dist/tex/generic/oberdiek/infwarerr.sty
Package: infwarerr 2010/04/08 v1.3 Providing info/warning/error messages (HO)
)
(/usr/share/texlive/texmf-dist/tex/generic/oberdiek/ltxcmds.sty
Package: ltxcmds 2011/11/09 v1.22 LaTeX kernel commands for general use (HO)
)
\Gread@gobject=\count91
))
\Gin@req@height=\dimen105
\Gin@req@width=\dimen106
)
(/usr/share/texlive/texmf-dist/tex/latex/oberdiek/epstopdf.sty
Package: epstopdf 2010/02/09 v2.5 Conversion with epstopdf on the fly (HO)

(/usr/share/texlive/texmf-dist/tex/latex/oberdiek/epstopdf-base.sty
Package: epstopdf-base 2010/02/09 v2.5 Base part for package epstopdf

(/usr/share/texlive/texmf-dist/tex/latex/oberdiek/grfext.sty
Package: grfext 2010/08/19 v1.1 Manage graphics extensions (HO)

(/usr/share/texlive/texmf-dist/tex/generic/oberdiek/kvdefinekeys.sty
Package: kvdefinekeys 2011/04/07 v1.3 Define keys (HO)
))
(/usr/share/texlive/texmf-dist/tex/latex/oberdiek/kvoptions.sty
Package: kvoptions 2011/06/30 v3.11 Key value format for package options (HO)

(/usr/share/texlive/texmf-dist/tex/generic/oberdiek/kvsetkeys.sty
Package: kvsetkeys 2012/04/25 v1.16 Key value parser (HO)

(/usr/share/texlive/texmf-dist/tex/generic/oberdiek/etexcmds.sty
Package: etexcmds 2011/02/16 v1.5 Avoid name clashes with e-TeX commands (HO)

(/usr/share/texlive/texmf-dist/tex/generic/oberdiek/ifluatex.sty
Package: ifluatex 2010/03/01 v1.3 Provides the ifluatex switch (HO)
Package ifluatex Info: LuaTeX not detected.
)
Package etexcmds Info: Could not find \expanded.
(etexcmds)             That can mean that you are not using pdfTeX 1.50 or
(etexcmds)             that some package has redefined \expanded.
(etexcmds)             In the latter case, load this package earlier.
)))
(/usr/share/texlive/texmf-dist/tex/generic/oberdiek/pdftexcmds.sty
Package: pdftexcmds 2011/11/29 v0.20 Utility functions of pdfTeX for LuaTeX (HO
)

(/usr/share/texlive/texmf-dist/tex/generic/oberdiek/ifpdf.sty
Package: ifpdf 2011/01/30 v2.3 Provides the ifpdf switch (HO)
Package ifpdf Info: pdfTeX in PDF mode is detected.
)
Package pdftexcmds Info: LuaTeX not detected.
Package pdftexcmds Info: \pdf@primitive is available.
Package pdftexcmds Info: \pdf@ifprimitive is available.
Package pdftexcmds Info: \pdfdraftmode found.
)
Package grfext Info: Graphics extension search list:
(grfext)             [.png,.pdf,.jpg,.mps,.jpeg,.jbig2,.jb2,.PNG,.PDF,.JPG,.JPE
G,.JBIG2,.JB2,.eps]
(grfext)             \AppendGraphicsExtensions on input line 452.

(/usr/share/texlive/texmf-dist/tex/latex/latexconfig/epstopdf-sys.cfg
File: epstopdf-sys.cfg 2010/07/13 v1.3 Configuration of (r)epstopdf for TeX Liv
e
)))
(/usr/share/texlive/texmf-dist/tex/latex/graphics/epsfig.sty
Package: epsfig 1999/02/16 v1.7a (e)psfig emulation (SPQR)
\epsfxsize=\dimen107
\epsfysize=\dimen108
)
(/usr/share/texlive/texmf-dist/tex/latex/tools/verbatim.sty
Package: verbatim 2003/08/22 v1.5q LaTeX2e package for verbatim enhancements
\every@verbatim=\toks16
\verbatim@line=\toks17
\verbatim@in@stream=\read1
)
(/usr/share/texlive/texmf-dist/tex/latex/amsmath/amsmath.sty
Package: amsmath 2000/07/18 v2.13 AMS math features
\@mathmargin=\skip45

For additional information on amsmath, use the `?' option.
(/usr/share/texlive/texmf-dist/tex/latex/amsmath/amstext.sty
Package: amstext 2000/06/29 v2.01

(/usr/share/texlive/texmf-dist/tex/latex/amsmath/amsgen.sty
File: amsgen.sty 1999/11/30 v2.0
\@emptytoks=\toks18
\ex@=\dimen109
))
(/usr/share/texlive/texmf-dist/tex/latex/amsmath/amsbsy.sty
Package: amsbsy 1999/11/29 v1.2d
\pmbraise@=\dimen110
)
(/usr/share/texlive/texmf-dist/tex/latex/amsmath/amsopn.sty
Package: amsopn 1999/12/14 v2.01 operator names
)
\inf@bad=\count92
LaTeX Info: Redefining \frac on input line 211.
\uproot@=\count93
\leftroot@=\count94
LaTeX Info: Redefining \overline on input line 307.
\classnum@=\count95
\DOTSCASE@=\count96
LaTeX Info: Redefining \ldots on input line 379.
LaTeX Info: Redefining \dots on input line 382.
LaTeX Info: Redefining \cdots on input line 467.
\Mathstrutbox@=\box28
\strutbox@=\box29
\big@size=\dimen111
LaTeX Font Info:    Redeclaring font encoding OML on input line 567.
LaTeX Font Info:    Redeclaring font encoding OMS on input line 568.
\macc@depth=\count97
\c@MaxMatrixCols=\count98
\dotsspace@=\muskip10
\c@parentequation=\count99
\dspbrk@lvl=\count100
\tag@help=\toks19
\row@=\count101
\column@=\count102
\maxfields@=\count103
\andhelp@=\toks20
\eqnshift@=\dimen112
\alignsep@=\dimen113
\tagshift@=\dimen114
\tagwidth@=\dimen115
\totwidth@=\dimen116
\lineht@=\dimen117
\@envbody=\toks21
\multlinegap=\skip46
\multlinetaggap=\skip47
\mathdisplay@stack=\toks22
LaTeX Info: Redefining \[ on input line 2666.
LaTeX Info: Redefining \] on input line 2667.
)
(/usr/share/texlive/texmf-dist/tex/latex/amsfonts/amssymb.sty
Package: amssymb 2009/06/22 v3.00

(/usr/share/texlive/texmf-dist/tex/latex/amsfonts/amsfonts.sty
Package: amsfonts 2009/06/22 v3.00 Basic AMSFonts support
\symAMSa=\mathgroup4
\symAMSb=\mathgroup5
LaTeX Font Info:    Overwriting math alphabet `\mathfrak' in version `bold'
(Font)                  U/euf/m/n --> U/euf/b/n on input line 96.
))
(/usr/share/texlive/texmf-dist/tex/latex/adjustbox/adjustbox.sty
Package: adjustbox 2012/05/21 v1.0 Adjusting TeX boxes (trim, clip, ...)

(/usr/share/texlive/texmf-dist/tex/latex/xkeyval/xkeyval.sty
Package: xkeyval 2008/08/13 v2.6a package option processing (HA)

(/usr/share/texlive/texmf-dist/tex/generic/xkeyval/xkeyval.tex
\XKV@toks=\toks23
\XKV@tempa@toks=\toks24
\XKV@depth=\count104
File: xkeyval.tex 2008/08/13 v2.6a key=value parser (HA)
))
(/usr/share/texlive/texmf-dist/tex/latex/adjustbox/adjcalc.sty
Package: adjcalc 2012/05/16 v1.1 Provides advanced setlength with multiple back
-ends (calc, etex, pgfmath)
)
(/usr/share/texlive/texmf-dist/tex/latex/adjustbox/trimclip.sty
Package: trimclip 2012/05/16 v1.0 Trim and clip general TeX material

(/usr/share/texlive/texmf-dist/tex/latex/collectbox/collectbox.sty
Package: collectbox 2012/05/17 v0.4b Collect macro arguments as boxes
\collectedbox=\box30
)
\tc@llx=\dimen118
\tc@lly=\dimen119
\tc@urx=\dimen120
\tc@ury=\dimen121
Package trimclip Info: Using driver 'tc-pdftex.def'.

(/usr/share/texlive/texmf-dist/tex/latex/adjustbox/tc-pdftex.def
File: tc-pdftex.def 2012/05/13 v1.0 Clipping driver for pdftex
))
\adjbox@Width=\dimen122
\adjbox@Height=\dimen123
\adjbox@Depth=\dimen124
\adjbox@Totalheight=\dimen125

(/usr/share/texlive/texmf-dist/tex/latex/ifoddpage/ifoddpage.sty
Package: ifoddpage 2011/09/13 v1.0 Conditionals for odd/even page detection
\c@checkoddpage=\count105
)
(/usr/share/texlive/texmf-dist/tex/latex/varwidth/varwidth.sty
Package: varwidth 2009/03/30 ver 0.92;  Variable-width minipages
\@vwid@box=\box31
\sift@deathcycles=\count106
\@vwid@loff=\dimen126
\@vwid@roff=\dimen127
))
(/usr/share/texlive/texmf-dist/tex/latex/tools/tabularx.sty
Package: tabularx 1999/01/07 v2.07 `tabularx' package (DPC)

(/usr/share/texlive/texmf-dist/tex/latex/tools/array.sty
Package: array 2008/09/09 v2.4c Tabular extension package (FMi)
\col@sep=\dimen128
\extrarowheight=\dimen129
\NC@list=\toks25
\extratabsurround=\skip48
\backup@length=\skip49
)
\TX@col@width=\dimen130
\TX@old@table=\dimen131
\TX@old@col=\dimen132
\TX@target=\dimen133
\TX@delta=\dimen134
\TX@cols=\count107
\TX@ftn=\toks26
) (./subfigure.sty
Package: subfigure 1995/03/06 v2.0 subfigure package

Package: subfigure 1995/03/06 v2.0
\c@subfigure=\count108
\c@lofdepth=\count109
\c@subtable=\count110
\c@lotdepth=\count111
) (/usr/share/texlive/texmf-dist/tex/latex/algorithm2e/algorithm2e.sty
Package: algorithm2e 2008/00/00 v3.10 algorithms environments
\c@AlgoLine=\count112

(/usr/share/texlive/texmf-dist/tex/latex/base/ifthen.sty
Package: ifthen 2001/05/26 v1.1c Standard LaTeX ifthen package (DPC)
)
(/usr/share/texlive/texmf-dist/tex/latex/tools/xspace.sty
Package: xspace 2009/10/20 v1.13 Space after command names (DPC,MH)
)
(/usr/share/texlive/texmf-dist/tex/latex/relsize/relsize.sty
Package: relsize 2011/09/21 ver 4.0

Examine \normalsize starts \@setfontsize size may be \@xiipt. 
Examine \small starts \@setfontsize size may be \@xipt. 
Examine \footnotesize starts \@setfontsize size may be \@xpt. 
Examine \large starts \@setfontsize size may be \@xivpt. 
Examine \Large starts \@setfontsize size may be \@xviipt. 
Examine \LARGE starts \@setfontsize size may be \@xxpt. 
Examine \scriptsize starts \@setfontsize size may be \@viiipt. 
Examine \tiny starts \@setfontsize size may be \@vipt. 
Examine \huge starts \@setfontsize size may be \@xxvpt. 
Examine \Huge starts \@setfontsize size may be \@xxvpt. )
********************************************************
Package `algorithm2e' Release 4.01 -- december 14 2009 --
- algorithm2e-announce@lirmm.fr mailing list for announcement about releases
- algorithm2e-discussion@lirmm.fr mailing list for discussion about package
subscribe by emailing sympa@lirmm.fr with 'subscribe <list> <firstname name>'
- Author: Christophe Fiorio (fiorio@lirmm.fr)
********************************************************
\skiptotal=\skip50
\skiplinenumber=\skip51
\skiprule=\skip52
\skiphlne=\skip53
\skiptext=\skip54
\skiplength=\skip55
\algomargin=\skip56
\skipalgocfslide=\skip57
\algowidth=\dimen135
\inoutsize=\dimen136
\inoutline=\dimen137
\interspacetitleruled=\dimen138
\interspacealgoruled=\dimen139
\interspacetitleboxruled=\dimen140
\algocf@inoutbox=\box32
\algocf@inputbox=\box33
\AlCapSkip=\skip58
\AlCapHSkip=\skip59
\algocf@nlbox=\box34
\algocf@hangingbox=\box35
\algocf@capbox=\box36
\algoheightruledefault=\skip60
\algoheightrule=\skip61
\algotitleheightruledefault=\skip62
\algotitleheightrule=\skip63
\c@algocfline=\count113
\c@algocfproc=\count114
\c@algocf=\count115
\algocf@algoframe=\box37
\algocf@algobox=\box38
) (/usr/share/texlive/texmf-dist/tex/latex/url/url.sty
\Urlmuskip=\muskip11
Package: url 2006/04/12  ver 3.3  Verb mode for urls, etc.
) (./thesis (1).aux)
\openout1 = `"thesis (1).aux"'.

LaTeX Font Info:    Checking defaults for OML/cmm/m/it on input line 25.
LaTeX Font Info:    ... okay on input line 25.
LaTeX Font Info:    Checking defaults for T1/cmr/m/n on input line 25.
LaTeX Font Info:    ... okay on input line 25.
LaTeX Font Info:    Checking defaults for OT1/cmr/m/n on input line 25.
LaTeX Font Info:    ... okay on input line 25.
LaTeX Font Info:    Checking defaults for OMS/cmsy/m/n on input line 25.
LaTeX Font Info:    ... okay on input line 25.
LaTeX Font Info:    Checking defaults for OMX/cmex/m/n on input line 25.
LaTeX Font Info:    ... okay on input line 25.
LaTeX Font Info:    Checking defaults for U/cmr/m/n on input line 25.
LaTeX Font Info:    ... okay on input line 25.

(/usr/share/texlive/texmf-dist/tex/context/base/supp-pdf.mkii
[Loading MPS to PDF converter (version 2006.09.02).]
\scratchcounter=\count116
\scratchdimen=\dimen141
\scratchbox=\box39
\nofMPsegments=\count117
\nofMParguments=\count118
\everyMPshowfont=\toks27
\MPscratchCnt=\count119
\MPscratchDim=\dimen142
\MPnumerator=\count120
\makeMPintoPDFobject=\count121
\everyMPtoPDFconversion=\toks28
)
Unavoidable over/underfulls may occur in the first
few pages of dalcsthesis. These can usually be ignored.
However, if uncorrectable errors occur, notify staff.
LaTeX Info: Redefining \\ on input line 47.
LaTeX Font Info:    Try loading font information for OMS+cmr on input line 47.
(/usr/share/texlive/texmf-dist/tex/latex/base/omscmr.fd
File: omscmr.fd 1999/05/25 v2.5h Standard LaTeX font definitions
)
LaTeX Font Info:    Font shape `OMS/cmr/m/n' in size <12> not available
(Font)              Font shape `OMS/cmsy/m/n' tried instead on input line 47.
 [1

{/var/lib/texmf/fonts/map/pdftex/updmap/pdftex.map}]
LaTeX Info: Redefining \\ on input line 47.
LaTeX Info: Redefining \\ on input line 47.
\c@dal@loopindex=\count122
 [2

]
LaTeX Info: Redefining \\ on input line 47.
 [3

] (./thesis (1).toc
LaTeX Font Info:    Try loading font information for U+msa on input line 2.

(/usr/share/texlive/texmf-dist/tex/latex/amsfonts/umsa.fd
File: umsa.fd 2009/06/22 v3.00 AMS symbols A
)
LaTeX Font Info:    Try loading font information for U+msb on input line 2.

(/usr/share/texlive/texmf-dist/tex/latex/amsfonts/umsb.fd
File: umsb.fd 2009/06/22 v3.00 AMS symbols B
) [4


])
\tf@toc=\write3
\openout3 = `"thesis (1).toc"'.

 [5]
(./thesis (1).lot)
\tf@lot=\write4
\openout4 = `"thesis (1).lot"'.

 [6


] (./thesis (1).lof
Overfull \hbox (1.2348pt too wide) in paragraph at lines 3--3
 [][] []\OT1/cmr/m/n/12 Hugin 4500 au-tonomous un-der-wa-ter ve-hi-cles. When s
ub-merged, 
 []

[7


]
Underfull \vbox (badness 10000) has occurred while \output is active []

 [8]
[9])
\tf@lof=\write5
\openout5 = `"thesis (1).lof"'.

 [10]
\ab@page=\count123
 [11


] [12

]
Dalthesis preface pages completed.
Chapter 1.
<../hugin_4500.png, id=49, 1631.09375pt x 1084.05pt>
File: ../hugin_4500.png Graphic file (type png)
 <use ../hugin_4500.png>
Package pdftex.def Info: ../hugin_4500.png used on input line 79.
(pdftex.def)             Requested size: 326.21297pt x 216.81pt.

[1

]
Underfull \vbox (badness 10000) has occurred while \output is active []

 [2 <../hugin_4500.png>]
Underfull \vbox (badness 4454) has occurred while \output is active []

 [3]
[4]
Chapter 2.
[5

] [6]
Underfull \hbox (badness 10000) in paragraph at lines 217--218

 []

[7]
Overfull \hbox (47.14342pt too wide) detected at line 232
\OML/cmm/m/it/12 K \OT1/cmr/m/n/12 = \OML/cmm/m/it/12 I[]p[] \OT1/cmr/m/n/12 + 
(\OML/cmm/m/it/12 I[] \OMS/cmsy/m/n/12 ^^@ \OML/cmm/m/it/12 I[]\OT1/cmr/m/n/12 
)\OML/cmm/m/it/12 qr \OMS/cmsy/m/n/12 ^^@ \OT1/cmr/m/n/12 (\OML/cmm/m/it/12 r[]
 \OT1/cmr/m/n/12 + \OML/cmm/m/it/12 pq\OT1/cmr/m/n/12 )\OML/cmm/m/it/12 I[] \OT
1/cmr/m/n/12 + (\OML/cmm/m/it/12 r[] \OMS/cmsy/m/n/12 ^^@ \OML/cmm/m/it/12 q[]\
OT1/cmr/m/n/12 )\OML/cmm/m/it/12 I[] \OT1/cmr/m/n/12 + (\OML/cmm/m/it/12 pr \OM
S/cmsy/m/n/12 ^^@ \OML/cmm/m/it/12 q[]\OT1/cmr/m/n/12 )\OML/cmm/m/it/12 I[] \OT
1/cmr/m/n/12 + \OML/cmm/m/it/12 m\OT1/cmr/m/n/12 [\OML/cmm/m/it/12 y[]\OT1/cmr/
m/n/12 (\OML/cmm/m/it/12 w[] \OMS/cmsy/m/n/12 ^^@ \OML/cmm/m/it/12 uq \OT1/cmr/
m/n/12 + \OML/cmm/m/it/12 vp\OT1/cmr/m/n/12 ) \OMS/cmsy/m/n/12 ^^@ \OML/cmm/m/i
t/12 Z[]\OT1/cmr/m/n/12 (\OML/cmm/m/it/12 v[] \OMS/cmsy/m/n/12 ^^@ \OML/cmm/m/i
t/12 wp \OT1/cmr/m/n/12 + \OML/cmm/m/it/12 ur\OT1/cmr/m/n/12 )]
 []


Overfull \hbox (46.32191pt too wide) detected at line 236
\OML/cmm/m/it/12 M \OT1/cmr/m/n/12 = \OML/cmm/m/it/12 I[]q[] \OT1/cmr/m/n/12 + 
(\OML/cmm/m/it/12 I[] \OMS/cmsy/m/n/12 ^^@ \OML/cmm/m/it/12 I[]\OT1/cmr/m/n/12 
)\OML/cmm/m/it/12 rp \OMS/cmsy/m/n/12 ^^@ \OT1/cmr/m/n/12 (\OML/cmm/m/it/12 p[]
 \OT1/cmr/m/n/12 + \OML/cmm/m/it/12 qr\OT1/cmr/m/n/12 )\OML/cmm/m/it/12 I[] \OT
1/cmr/m/n/12 + (\OML/cmm/m/it/12 p[] \OMS/cmsy/m/n/12 ^^@ \OML/cmm/m/it/12 r[]\
OT1/cmr/m/n/12 )\OML/cmm/m/it/12 I[] \OT1/cmr/m/n/12 + (\OML/cmm/m/it/12 qp \OM
S/cmsy/m/n/12 ^^@ \OML/cmm/m/it/12 r[]\OT1/cmr/m/n/12 )\OML/cmm/m/it/12 I[] \OT
1/cmr/m/n/12 + \OML/cmm/m/it/12 m\OT1/cmr/m/n/12 [\OML/cmm/m/it/12 y[]\OT1/cmr/
m/n/12 (\OML/cmm/m/it/12 u[] \OMS/cmsy/m/n/12 ^^@ \OML/cmm/m/it/12 vr \OT1/cmr/
m/n/12 + \OML/cmm/m/it/12 wq\OT1/cmr/m/n/12 ) \OMS/cmsy/m/n/12 ^^@ \OML/cmm/m/i
t/12 z[]\OT1/cmr/m/n/12 (\OML/cmm/m/it/12 w[] \OMS/cmsy/m/n/12 ^^@ \OML/cmm/m/i
t/12 uq \OT1/cmr/m/n/12 + \OML/cmm/m/it/12 vp\OT1/cmr/m/n/12 )]
 []


Overfull \hbox (45.58235pt too wide) detected at line 240
\OML/cmm/m/it/12 N \OT1/cmr/m/n/12 = \OML/cmm/m/it/12 I[]r[] \OT1/cmr/m/n/12 + 
(\OML/cmm/m/it/12 I[] \OMS/cmsy/m/n/12 ^^@ \OML/cmm/m/it/12 I[]\OT1/cmr/m/n/12 
)\OML/cmm/m/it/12 pq \OMS/cmsy/m/n/12 ^^@ \OT1/cmr/m/n/12 (\OML/cmm/m/it/12 q[]
 \OT1/cmr/m/n/12 + \OML/cmm/m/it/12 rp\OT1/cmr/m/n/12 )\OML/cmm/m/it/12 I[] \OT
1/cmr/m/n/12 + (\OML/cmm/m/it/12 q[] \OMS/cmsy/m/n/12 ^^@ \OML/cmm/m/it/12 p[]\
OT1/cmr/m/n/12 )\OML/cmm/m/it/12 I[] \OT1/cmr/m/n/12 + (\OML/cmm/m/it/12 rq \OM
S/cmsy/m/n/12 ^^@ \OML/cmm/m/it/12 p[]\OT1/cmr/m/n/12 )\OML/cmm/m/it/12 I[] \OT
1/cmr/m/n/12 + \OML/cmm/m/it/12 m\OT1/cmr/m/n/12 [\OML/cmm/m/it/12 x[]\OT1/cmr/
m/n/12 (\OML/cmm/m/it/12 v[] \OMS/cmsy/m/n/12 ^^@ \OML/cmm/m/it/12 wp \OT1/cmr/
m/n/12 + \OML/cmm/m/it/12 ur\OT1/cmr/m/n/12 ) \OMS/cmsy/m/n/12 ^^@ \OML/cmm/m/i
t/12 y[]\OT1/cmr/m/n/12 (\OML/cmm/m/it/12 u[] \OMS/cmsy/m/n/12 ^^@ \OML/cmm/m/i
t/12 vr \OT1/cmr/m/n/12 + \OML/cmm/m/it/12 wq\OT1/cmr/m/n/12 )]
 []


</home/rohan/Documents/thesis/coordinate_system.png, id=76, 767.86874pt x 539.7
6656pt>
File: /home/rohan/Documents/thesis/coordinate_system.png Graphic file (type png
)
 <use /home/rohan/Documents/thesis/coordinate_system.png>
Package pdftex.def Info: /home/rohan/Documents/thesis/coordinate_system.png use
d on input line 246.
(pdftex.def)             Requested size: 308.4309pt x 216.81pt.
 [8 </home/rohan/Documents/thesis/coordinate_system.png>]
Overfull \hbox (10.6812pt too wide) in paragraph at lines 265--274
 [][] 
 []

[9] <../../thesis_work/markov_chain.png, id=84, 859.21pt x 409.53pt>
File: ../../thesis_work/markov_chain.png Graphic file (type png)

<use ../../thesis_work/markov_chain.png>
Package pdftex.def Info: ../../thesis_work/markov_chain.png used on input line 
392.
(pdftex.def)             Requested size: 454.88094pt x 216.81pt.

Overfull \hbox (21.26093pt too wide) in paragraph at lines 392--393
 [][] 
 []

[10 <../../thesis_work/markov_chain.png (PNG copy)>]
</home/rohan/Documents/thesis_work/particle_filter_non_gaussian_thrun.png, id=8
8, 566.86781pt x 475.02469pt>
File: /home/rohan/Documents/thesis_work/particle_filter_non_gaussian_thrun.png 
Graphic file (type png)

<use /home/rohan/Documents/thesis_work/particle_filter_non_gaussian_thrun.png>
Package pdftex.def Info: /home/rohan/Documents/thesis_work/particle_filter_non_
gaussian_thrun.png used on input line 408.
(pdftex.def)             Requested size: 258.72968pt x 216.81pt.

Underfull \vbox (badness 10000) has occurred while \output is active []

 [11 </home/rohan/Documents/thesis_work/particle_filter_non_gaussian_thrun.png>
]
</home/rohan/Documents/thesis/smoothing.png, id=92, 240.14719pt x 52.69687pt>
File: /home/rohan/Documents/thesis/smoothing.png Graphic file (type png)

<use /home/rohan/Documents/thesis/smoothing.png>
Package pdftex.def Info: /home/rohan/Documents/thesis/smoothing.png used on inp
ut line 452.
(pdftex.def)             Requested size: 988.20447pt x 216.81pt.

Overfull \hbox (554.58446pt too wide) in paragraph at lines 452--453
 [][] 
 []


Underfull \vbox (badness 10000) has occurred while \output is active []

 [12]
[13 </home/rohan/Documents/thesis/smoothing.png>] [14] [15]
Chapter 3.
[16

]
</home/rohan/Documents/thesis_work/parameter_estimation_yapp.png, id=110, 348.5
5219pt x 247.67531pt>
File: /home/rohan/Documents/thesis_work/parameter_estimation_yapp.png Graphic f
ile (type png)

<use /home/rohan/Documents/thesis_work/parameter_estimation_yapp.png>
Package pdftex.def Info: /home/rohan/Documents/thesis_work/parameter_estimation
_yapp.png used on input line 560.
(pdftex.def)             Requested size: 305.11536pt x 216.81pt.
 [17]
[18 </home/rohan/Documents/thesis_work/parameter_estimation_yapp.png>]
</home/rohan/Documents/thesis_work/model_aided_intertial_nvaigation_system_trad
itional.png, id=117, 447.92343pt x 284.56313pt>
File: /home/rohan/Documents/thesis_work/model_aided_intertial_nvaigation_system
_traditional.png Graphic file (type png)

<use /home/rohan/Documents/thesis_work/model_aided_intertial_nvaigation_system_
traditional.png>
Package pdftex.def Info: /home/rohan/Documents/thesis_work/model_aided_intertia
l_nvaigation_system_traditional.png used on input line 587.
(pdftex.def)             Requested size: 198.7425pt x 126.25894pt.

</home/rohan/Documents/thesis_work/model_aided_intertial_nvaigation_system_mode
l.png, id=118, 509.65407pt x 267.24844pt>
File: /home/rohan/Documents/thesis_work/model_aided_intertial_nvaigation_system
_model.png Graphic file (type png)

<use /home/rohan/Documents/thesis_work/model_aided_intertial_nvaigation_system_
model.png>
Package pdftex.def Info: /home/rohan/Documents/thesis_work/model_aided_intertia
l_nvaigation_system_model.png used on input line 588.
(pdftex.def)             Requested size: 198.7425pt x 104.21423pt.
 <Diagram1.jpeg, id=119, 980.66376pt x 507.8975pt>
File: Diagram1.jpeg Graphic file (type jpg)

<use Diagram1.jpeg>
Package pdftex.def Info: Diagram1.jpeg used on input line 599.
(pdftex.def)             Requested size: 418.6246pt x 216.81pt.

Underfull \vbox (badness 10000) has occurred while \output is active []

 [19 </home/rohan/Documents/thesis_work/model_aided_intertial_nvaigation_system
_traditional.png> </home/rohan/Documents/thesis_work/model_aided_intertial_nvai
gation_system_model.png>] [20 <./Diagram1.jpeg>] [21] [22] [23]
Overfull \hbox (31.43094pt too wide) in paragraph at lines 730--734
\OT1/cmr/m/n/12 the pa-ram-e-ters of the mo-tion model that we want to learn ar
e $\OML/cmm/m/it/12 ^^R \OT1/cmr/m/n/12 = []$
 []

[24]
Overfull \hbox (7.62697pt too wide) in alignment at lines 753--756
 [][][] []
 []


Overfull \hbox (38.67104pt too wide) in alignment at lines 760--763
 [][][] []
 []

[25]
Overfull \hbox (65.88025pt too wide) in alignment at lines 775--778
 [][][] []
 []

[26]
Chapter 4.

Overfull \hbox (3.04907pt too wide) in paragraph at lines 816--836
\OT1/cmr/m/n/12 To test our al-go-rithm for learn-ing the mo-tion model we cre-
ate a sim-u-lated world(Figure
 []

<0.png, id=146, 586.8324pt x 442.2924pt>
File: 0.png Graphic file (type png)
 <use 0.png>
Package pdftex.def Info: 0.png used on input line 839.
(pdftex.def)             Requested size: 287.6668pt x 216.81pt.

<1.png, id=148, 586.8324pt x 442.2924pt>
File: 1.png Graphic file (type png)
 <use 1.png>
Package pdftex.def Info: 1.png used on input line 850.
(pdftex.def)             Requested size: 198.7425pt x 149.79027pt.

<2.png, id=149, 586.8324pt x 442.2924pt>
File: 2.png Graphic file (type png)
 <use 2.png>
Package pdftex.def Info: 2.png used on input line 851.
(pdftex.def)             Requested size: 198.7425pt x 149.79027pt.

<3.png, id=150, 586.8324pt x 442.2924pt>
File: 3.png Graphic file (type png)
 <use 3.png>
Package pdftex.def Info: 3.png used on input line 852.
(pdftex.def)             Requested size: 198.7425pt x 149.79027pt.

<4.png, id=151, 586.8324pt x 442.2924pt>
File: 4.png Graphic file (type png)
 <use 4.png>
Package pdftex.def Info: 4.png used on input line 853.
(pdftex.def)             Requested size: 198.7425pt x 149.79027pt.
 [27

]
Overfull \hbox (3.86748pt too wide) in paragraph at lines 878--879
 []|\OT1/cmr/m/n/12 Trajectories| 
 []

[28 <./0.png>] [29 <./1.png> <./2.png> <./3.png> <./4.png>]
<./plots/200_005_05_s_10.pdf, id=166, 587.19376pt x 442.65375pt>
File: ./plots/200_005_05_s_10.pdf Graphic file (type pdf)

<use ./plots/200_005_05_s_10.pdf>
Package pdftex.def Info: ./plots/200_005_05_s_10.pdf used on input line 905.
(pdftex.def)             Requested size: 287.61098pt x 216.81pt.

Underfull \vbox (badness 10000) has occurred while \output is active []

 [30]
<./plots/200_005_05_s_10_motion_model_trans.pdf, id=170, 587.19376pt x 442.6537
5pt>
File: ./plots/200_005_05_s_10_motion_model_trans.pdf Graphic file (type pdf)
 <use ./plots/200_005_05_s_10_motion_model_trans.pdf>
Package pdftex.def Info: ./plots/200_005_05_s_10_motion_model_trans.pdf used on
 input line 916.
(pdftex.def)             Requested size: 287.61098pt x 216.81pt.

<./plots/200_005_05_s_10_motion_model_rotation.pdf, id=171, 587.19376pt x 442.6
5375pt>
File: ./plots/200_005_05_s_10_motion_model_rotation.pdf Graphic file (type pdf)

 <use ./plots/200_005_05_s_10_motion_model_rotation.pdf>
Package pdftex.def Info: ./plots/200_005_05_s_10_motion_model_rotation.pdf used
 on input line 922.
(pdftex.def)             Requested size: 287.61098pt x 216.81pt.

<./plots/200_005_05_s_10_max_weight.pdf, id=172, 587.19376pt x 442.65375pt>
File: ./plots/200_005_05_s_10_max_weight.pdf Graphic file (type pdf)

<use ./plots/200_005_05_s_10_max_weight.pdf>
Package pdftex.def Info: ./plots/200_005_05_s_10_max_weight.pdf used on input l
ine 928.
(pdftex.def)             Requested size: 287.61098pt x 216.81pt.

<./plots/200_005_10_s_10.pdf, id=173, 587.19376pt x 442.65375pt>
File: ./plots/200_005_10_s_10.pdf Graphic file (type pdf)

<use ./plots/200_005_10_s_10.pdf>
Package pdftex.def Info: ./plots/200_005_10_s_10.pdf used on input line 938.
(pdftex.def)             Requested size: 287.61098pt x 216.81pt.

<./plots/200_005_10_s_10_motion_model_trans.pdf, id=174, 587.19376pt x 442.6537
5pt>
File: ./plots/200_005_10_s_10_motion_model_trans.pdf Graphic file (type pdf)
 <use ./plots/200_005_10_s_10_motion_model_trans.pdf>
Package pdftex.def Info: ./plots/200_005_10_s_10_motion_model_trans.pdf used on
 input line 945.
(pdftex.def)             Requested size: 287.61098pt x 216.81pt.

<./plots/200_005_10_s_10_motion_model_rotation.pdf, id=175, 587.19376pt x 442.6
5375pt>
File: ./plots/200_005_10_s_10_motion_model_rotation.pdf Graphic file (type pdf)

 <use ./plots/200_005_10_s_10_motion_model_rotation.pdf>
Package pdftex.def Info: ./plots/200_005_10_s_10_motion_model_rotation.pdf used
 on input line 951.
(pdftex.def)             Requested size: 287.61098pt x 216.81pt.

<./plots/200_005_10_s_10_max_weight.pdf, id=176, 587.19376pt x 442.65375pt>
File: ./plots/200_005_10_s_10_max_weight.pdf Graphic file (type pdf)

<use ./plots/200_005_10_s_10_max_weight.pdf>
Package pdftex.def Info: ./plots/200_005_10_s_10_max_weight.pdf used on input l
ine 957.
(pdftex.def)             Requested size: 287.61098pt x 216.81pt.
 [31 <./plots/200_005_05_s_10.pdf>] [32 <./plots/200_005_05_s_10_motion_model_t
rans.pdf> <./plots/200_005_05_s_10_motion_model_rotation.pdf

pdfTeX warning: pdflatex (file ./plots/200_005_05_s_10_motion_model_rotation.pd
f): PDF inclusion: multiple pdfs with page group included in a single page
>] [33 <./plots/200_005_05_s_10_max_weight.pdf> <./plots/200_005_10_s_10.pdf

pdfTeX warning: pdflatex (file ./plots/200_005_10_s_10.pdf): PDF inclusion: mul
tiple pdfs with page group included in a single page
>] [34 <./plots/200_005_10_s_10_motion_model_trans.pdf> <./plots/200_005_10_s_1
0_motion_model_rotation.pdf

pdfTeX warning: pdflatex (file ./plots/200_005_10_s_10_motion_model_rotation.pd
f): PDF inclusion: multiple pdfs with page group included in a single page
>] <./plots/200_005_005_s_10_traj_3_drift_20.pdf, id=396, 578.16pt x 433.62pt>
File: ./plots/200_005_005_s_10_traj_3_drift_20.pdf Graphic file (type pdf)

<use ./plots/200_005_005_s_10_traj_3_drift_20.pdf>
Package pdftex.def Info: ./plots/200_005_005_s_10_traj_3_drift_20.pdf used on i
nput line 978.
(pdftex.def)             Requested size: 289.07928pt x 216.81pt.

<./plots/200_005_005_s_10_traj_3_drift_20_motion_model_trans.pdf, id=397, 578.1
6pt x 433.62pt>
File: ./plots/200_005_005_s_10_traj_3_drift_20_motion_model_trans.pdf Graphic f
ile (type pdf)

<use ./plots/200_005_005_s_10_traj_3_drift_20_motion_model_trans.pdf>
Package pdftex.def Info: ./plots/200_005_005_s_10_traj_3_drift_20_motion_model_
trans.pdf used on input line 985.
(pdftex.def)             Requested size: 289.07928pt x 216.81pt.

<./plots/200_005_005_s_10_traj_3_drift_20_motion_model_rotation.pdf, id=398, 57
8.16pt x 433.62pt>
File: ./plots/200_005_005_s_10_traj_3_drift_20_motion_model_rotation.pdf Graphi
c file (type pdf)

<use ./plots/200_005_005_s_10_traj_3_drift_20_motion_model_rotation.pdf>
Package pdftex.def Info: ./plots/200_005_005_s_10_traj_3_drift_20_motion_model_
rotation.pdf used on input line 991.
(pdftex.def)             Requested size: 289.07928pt x 216.81pt.

Overfull \hbox (3.86748pt too wide) in paragraph at lines 1002--1002
 []|\OT1/cmr/m/n/12 Trajectories| 
 []


<./plots/200_005_005_s_10_traj_3_drift_20_multiply.pdf, id=399, 578.16pt x 433.
62pt>
File: ./plots/200_005_005_s_10_traj_3_drift_20_multiply.pdf Graphic file (type 
pdf)
 <use ./plots/200_005_005_s_10_traj_3_drift_20_multiply.pdf>
Package pdftex.def Info: ./plots/200_005_005_s_10_traj_3_drift_20_multiply.pdf 
used on input line 1035.
(pdftex.def)             Requested size: 289.07928pt x 216.81pt.
 [35 <./plots/200_005_10_s_10_max_weight.pdf>] [36 <./plots/200_005_005_s_10_tr
aj_3_drift_20.pdf> <./plots/200_005_005_s_10_traj_3_drift_20_motion_model_trans
.pdf

pdfTeX warning: pdflatex (file ./plots/200_005_005_s_10_traj_3_drift_20_motion_
model_trans.pdf): PDF inclusion: multiple pdfs with page group included in a si
ngle page
>] [37 <./plots/200_005_005_s_10_traj_3_drift_20_motion_model_rotation.pdf>]
<./plots/200_005_05_s_10_100_100_traj_3_trial_1.pdf, id=519, 578.16pt x 433.62p
t>
File: ./plots/200_005_05_s_10_100_100_traj_3_trial_1.pdf Graphic file (type pdf
)
 <use ./plots/200_005_05_s_10_100_100_traj_3_trial_1.pdf>
Package pdftex.def Info: ./plots/200_005_05_s_10_100_100_traj_3_trial_1.pdf use
d on input line 1046.
(pdftex.def)             Requested size: 289.07928pt x 216.81pt.

<./plots/200_005_05_s_10_100_100_traj_3_trial_1_motion_model_trans.pdf, id=520,
 578.16pt x 433.62pt>
File: ./plots/200_005_05_s_10_100_100_traj_3_trial_1_motion_model_trans.pdf Gra
phic file (type pdf)

<use ./plots/200_005_05_s_10_100_100_traj_3_trial_1_motion_model_trans.pdf>
Package pdftex.def Info: ./plots/200_005_05_s_10_100_100_traj_3_trial_1_motion_
model_trans.pdf used on input line 1052.
(pdftex.def)             Requested size: 289.07928pt x 216.81pt.

<./plots/200_005_05_s_10_100_100_traj_3_trial_1_motion_model_rotation.pdf, id=5
21, 578.16pt x 433.62pt>
File: ./plots/200_005_05_s_10_100_100_traj_3_trial_1_motion_model_rotation.pdf 
Graphic file (type pdf)

<use ./plots/200_005_05_s_10_100_100_traj_3_trial_1_motion_model_rotation.pdf>
Package pdftex.def Info: ./plots/200_005_05_s_10_100_100_traj_3_trial_1_motion_
model_rotation.pdf used on input line 1058.
(pdftex.def)             Requested size: 289.07928pt x 216.81pt.

[38 <./plots/200_005_005_s_10_traj_3_drift_20_multiply.pdf>] [39 <./plots/200_0
05_05_s_10_100_100_traj_3_trial_1.pdf> <./plots/200_005_05_s_10_100_100_traj_3_
trial_1_motion_model_trans.pdf

pdfTeX warning: pdflatex (file ./plots/200_005_05_s_10_100_100_traj_3_trial_1_m
otion_model_trans.pdf): PDF inclusion: multiple pdfs with page group included i
n a single page
>] [40 <./plots/200_005_05_s_10_100_100_traj_3_trial_1_motion_model_rotation.pd
f>]
Chapter 5.
[41

]
</home/rohan/Documents/thesis/thesis_writeup/side_scan_sonar_sensor.jpg, id=668
, 803.0pt x 279.0425pt>
File: /home/rohan/Documents/thesis/thesis_writeup/side_scan_sonar_sensor.jpg Gr
aphic file (type jpg)

<use /home/rohan/Documents/thesis/thesis_writeup/side_scan_sonar_sensor.jpg>
Package pdftex.def Info: /home/rohan/Documents/thesis/thesis_writeup/side_scan_
sonar_sensor.jpg used on input line 1097.
(pdftex.def)             Requested size: 623.93594pt x 216.81pt.

Overfull \hbox (190.31593pt too wide) in paragraph at lines 1097--1098
 [][] 
 []


</home/rohan/Documents/thesis/thesis_writeup/side_scan_sonar.jpg, id=669, 301.1
25pt x 272.01625pt>
File: /home/rohan/Documents/thesis/thesis_writeup/side_scan_sonar.jpg Graphic f
ile (type jpg)

<use /home/rohan/Documents/thesis/thesis_writeup/side_scan_sonar.jpg>
Package pdftex.def Info: /home/rohan/Documents/thesis/thesis_writeup/side_scan_
sonar.jpg used on input line 1103.
(pdftex.def)             Requested size: 240.0227pt x 216.81pt.
 [42]
[43 </home/rohan/Documents/thesis/thesis_writeup/side_scan_sonar_sensor.jpg> </
home/rohan/Documents/thesis/thesis_writeup/side_scan_sonar.jpg>]
</home/rohan/Documents/thesis/thesis_writeup/work_side_scan.jpg, id=677, 281.05
pt x 280.04625pt>
File: /home/rohan/Documents/thesis/thesis_writeup/work_side_scan.jpg Graphic fi
le (type jpg)

<use /home/rohan/Documents/thesis/thesis_writeup/work_side_scan.jpg>
Package pdftex.def Info: /home/rohan/Documents/thesis/thesis_writeup/work_side_
scan.jpg used on input line 1139.
(pdftex.def)             Requested size: 217.59706pt x 216.81pt.
 [44 </home/rohan/Documents/thesis/thesis_writeup/work_side_scan.jpg>]
</home/rohan/Documents/thesis/thesis_writeup/sift-octaves.jpg, id=681, 642.4pt 
x 1027.84pt>
File: /home/rohan/Documents/thesis/thesis_writeup/sift-octaves.jpg Graphic file
 (type jpg)

<use /home/rohan/Documents/thesis/thesis_writeup/sift-octaves.jpg>
Package pdftex.def Info: /home/rohan/Documents/thesis/thesis_writeup/sift-octav
es.jpg used on input line 1150.
(pdftex.def)             Requested size: 135.50592pt x 216.81pt.

</home/rohan/Documents/thesis/thesis_writeup/sift-dog-idea.jpg, id=682, 423.833
44pt x 302.63063pt>
File: /home/rohan/Documents/thesis/thesis_writeup/sift-dog-idea.jpg Graphic fil
e (type jpg)

<use /home/rohan/Documents/thesis/thesis_writeup/sift-dog-idea.jpg>
Package pdftex.def Info: /home/rohan/Documents/thesis/thesis_writeup/sift-dog-i
dea.jpg used on input line 1164.
(pdftex.def)             Requested size: 303.64651pt x 216.81pt.

</home/rohan/Documents/thesis/thesis_writeup/sift-dog-images.jpg, id=683, 642.4
pt x 1027.84pt>
File: /home/rohan/Documents/thesis/thesis_writeup/sift-dog-images.jpg Graphic f
ile (type jpg)

<use /home/rohan/Documents/thesis/thesis_writeup/sift-dog-images.jpg>
Package pdftex.def Info: /home/rohan/Documents/thesis/thesis_writeup/sift-dog-i
mages.jpg used on input line 1171.
(pdftex.def)             Requested size: 135.50592pt x 216.81pt.
 [45 </home/rohan/Documents/thesis/thesis_writeup/sift-octaves.jpg>] [46 </home
/rohan/Documents/thesis/thesis_writeup/sift-dog-idea.jpg> </home/rohan/Document
s/thesis/thesis_writeup/sift-dog-images.jpg>]
</home/rohan/Documents/thesis/thesis_writeup/sift-maxima-idea.jpg, id=691, 175.
40532pt x 158.09062pt>
File: /home/rohan/Documents/thesis/thesis_writeup/sift-maxima-idea.jpg Graphic 
file (type jpg)

<use /home/rohan/Documents/thesis/thesis_writeup/sift-maxima-idea.jpg>
Package pdftex.def Info: /home/rohan/Documents/thesis/thesis_writeup/sift-maxim
a-idea.jpg used on input line 1179.
(pdftex.def)             Requested size: 240.57414pt x 216.81pt.
 [47 </home/rohan/Documents/thesis/thesis_writeup/sift-maxima-idea.jpg>]
</home/rohan/Documents/thesis/thesis_writeup/sift-orientation-histogram.jpg, id
=695, 481.8pt x 321.2pt>
File: /home/rohan/Documents/thesis/thesis_writeup/sift-orientation-histogram.jp
g Graphic file (type jpg)

<use /home/rohan/Documents/thesis/thesis_writeup/sift-orientation-histogram.jpg
>
Package pdftex.def Info: /home/rohan/Documents/thesis/thesis_writeup/sift-orien
tation-histogram.jpg used on input line 1195.
(pdftex.def)             Requested size: 325.223pt x 216.81pt.

</home/rohan/Documents/thesis/thesis_writeup/sift-fingerprint.jpg, id=696, 642.
4pt x 321.2pt>
File: /home/rohan/Documents/thesis/thesis_writeup/sift-fingerprint.jpg Graphic 
file (type jpg)

<use /home/rohan/Documents/thesis/thesis_writeup/sift-fingerprint.jpg>
Package pdftex.def Info: /home/rohan/Documents/thesis/thesis_writeup/sift-finge
rprint.jpg used on input line 1203.
(pdftex.def)             Requested size: 433.6307pt x 216.81pt.

Underfull \vbox (badness 1953) has occurred while \output is active []

 [48 </home/rohan/Documents/thesis/thesis_writeup/sift-orientation-histogram.jp
g>]
</home/rohan/Documents/thesis/thesis_writeup/sift-4x4.jpg, id=700, 642.4pt x 32
1.2pt>
File: /home/rohan/Documents/thesis/thesis_writeup/sift-4x4.jpg Graphic file (ty
pe jpg)
 <use /home/rohan/Documents/thesis/thesis_writeup/sift-4x4.jpg>
Package pdftex.def Info: /home/rohan/Documents/thesis/thesis_writeup/sift-4x4.j
pg used on input line 1211.
(pdftex.def)             Requested size: 433.6307pt x 216.81pt.

Underfull \vbox (badness 1953) has occurred while \output is active []

 [49 </home/rohan/Documents/thesis/thesis_writeup/sift-fingerprint.jpg>]
</home/rohan/Documents/thesis/thesis_writeup/side_sonar_original.jpg, id=705, 9
84.67876pt x 368.1253pt>
File: /home/rohan/Documents/thesis/thesis_writeup/side_sonar_original.jpg Graph
ic file (type jpg)

<use /home/rohan/Documents/thesis/thesis_writeup/side_sonar_original.jpg>
Package pdftex.def Info: /home/rohan/Documents/thesis/thesis_writeup/side_sonar
_original.jpg used on input line 1231.
(pdftex.def)             Requested size: 579.94876pt x 216.81pt.

Overfull \hbox (146.32875pt too wide) in paragraph at lines 1231--1232
 [][] 
 []


</home/rohan/Documents/thesis/thesis_writeup/median_filter_sonar.jpg, id=706, 1
312.905pt x 490.83376pt>
File: /home/rohan/Documents/thesis/thesis_writeup/median_filter_sonar.jpg Graph
ic file (type jpg)

<use /home/rohan/Documents/thesis/thesis_writeup/median_filter_sonar.jpg>
Package pdftex.def Info: /home/rohan/Documents/thesis/thesis_writeup/median_fil
ter_sonar.jpg used on input line 1239.
(pdftex.def)             Requested size: 579.92372pt x 216.81pt.

Overfull \hbox (146.30371pt too wide) in paragraph at lines 1239--1240
 [][] 
 []


</home/rohan/Documents/thesis/thesis_writeup/median_filter_sonar_high.jpg, id=7
07, 1312.905pt x 490.83376pt>
File: /home/rohan/Documents/thesis/thesis_writeup/median_filter_sonar_high.jpg 
Graphic file (type jpg)

<use /home/rohan/Documents/thesis/thesis_writeup/median_filter_sonar_high.jpg>
Package pdftex.def Info: /home/rohan/Documents/thesis/thesis_writeup/median_fil
ter_sonar_high.jpg used on input line 1246.
(pdftex.def)             Requested size: 579.92372pt x 216.81pt.

Overfull \hbox (146.30371pt too wide) in paragraph at lines 1246--1247
 [][] 
 []

[50 </home/rohan/Documents/thesis/thesis_writeup/sift-4x4.jpg>] [51 </home/roha
n/Documents/thesis/thesis_writeup/side_sonar_original.jpg> </home/rohan/Documen
ts/thesis/thesis_writeup/median_filter_sonar.jpg>]
</home/rohan/Documents/thesis/thesis_writeup/image_original_sift.jpg, id=714, 1
312.905pt x 490.83376pt>
File: /home/rohan/Documents/thesis/thesis_writeup/image_original_sift.jpg Graph
ic file (type jpg)

<use /home/rohan/Documents/thesis/thesis_writeup/image_original_sift.jpg>
Package pdftex.def Info: /home/rohan/Documents/thesis/thesis_writeup/image_orig
inal_sift.jpg used on input line 1253.
(pdftex.def)             Requested size: 579.92372pt x 216.81pt.

Overfull \hbox (146.30371pt too wide) in paragraph at lines 1253--1254
 [][] 
 []


</home/rohan/Documents/thesis/thesis_writeup/image_original_sift_high.jpg, id=7
15, 1312.905pt x 490.83376pt>
File: /home/rohan/Documents/thesis/thesis_writeup/image_original_sift_high.jpg 
Graphic file (type jpg)

<use /home/rohan/Documents/thesis/thesis_writeup/image_original_sift_high.jpg>
Package pdftex.def Info: /home/rohan/Documents/thesis/thesis_writeup/image_orig
inal_sift_high.jpg used on input line 1259.
(pdftex.def)             Requested size: 579.92372pt x 216.81pt.

Overfull \hbox (146.30371pt too wide) in paragraph at lines 1259--1260
 [][] 
 []


Underfull \vbox (badness 10000) has occurred while \output is active []

 [52 </home/rohan/Documents/thesis/thesis_writeup/median_filter_sonar_high.jpg>
] [53 </home/rohan/Documents/thesis/thesis_writeup/image_original_sift.jpg> </h
ome/rohan/Documents/thesis/thesis_writeup/image_original_sift_high.jpg>]
File: /home/rohan/Documents/thesis/thesis_writeup/image_original_sift.jpg Graph
ic file (type jpg)

<use /home/rohan/Documents/thesis/thesis_writeup/image_original_sift.jpg>
Package pdftex.def Info: /home/rohan/Documents/thesis/thesis_writeup/image_orig
inal_sift.jpg used on input line 1278.
(pdftex.def)             Requested size: 198.7425pt x 74.29593pt.

</home/rohan/Documents/thesis/thesis_writeup/image_matched_sift.jpg, id=722, 13
12.905pt x 490.83376pt>
File: /home/rohan/Documents/thesis/thesis_writeup/image_matched_sift.jpg Graphi
c file (type jpg)

<use /home/rohan/Documents/thesis/thesis_writeup/image_matched_sift.jpg>
Package pdftex.def Info: /home/rohan/Documents/thesis/thesis_writeup/image_matc
hed_sift.jpg used on input line 1279.
(pdftex.def)             Requested size: 198.7425pt x 74.29593pt.

[54] [55 </home/rohan/Documents/thesis/thesis_writeup/image_matched_sift.jpg>]
Chapter 6.
[56

]
Chapter 7.
(./thesis (1).bbl [57

] [58


]
Underfull \hbox (badness 3049) in paragraph at lines 127--131
[]\OT1/cmr/m/n/12 Thomas Minka.  Expectation-Maximization as lower bound max-i-
miza-
 []


Underfull \hbox (badness 2111) in paragraph at lines 127--131
\OT1/cmr/m/n/12 tion.  \OT1/cmr/m/it/12 Tu-to-rial pub-lished on the web at htt
p://www-white. me-dia. mit.
 []


Underfull \hbox (badness 10000) in paragraph at lines 133--136
[]\OT1/cmr/m/n/12 Office of Coast Sur-vey.  Side Scan Sonar.
 []

[59]
Overfull \hbox (151.60019pt too wide) in paragraph at lines 192--196
[]\OT1/cmr/m/n/12 USGS.  WHSC Sides-can Sonar Sys-tems.  $\OMS/cmsy/m/n/12 n$\O
T1/cmr/m/n/12 url\OMS/cmsy/m/n/12 f\OT1/cmr/m/n/12 http://woodshole.er.usgs.gov
/operations/sfmapping/sonar.htm\OMS/cmsy/m/n/12 g\OT1/cmr/m/n/12 . 
 []


Underfull \hbox (badness 10000) in paragraph at lines 198--203
[]\OT1/cmr/m/n/12 Utkarsh.  SIFT: Scale In-vari-ant Fea-ture Trans-form.
 []

) [60] (./thesis (1).aux) ) 
Here is how much of TeX's memory you used:
 5177 strings out of 495059
 79821 string characters out of 3182030
 156343 words of memory out of 3000000
 8195 multiletter control sequences out of 15000+200000
 10196 words of font info for 38 fonts, out of 3000000 for 9000
 14 hyphenation exceptions out of 8191
 42i,18n,35p,1348b,352s stack positions out of 5000i,500n,10000p,200000b,50000s
</usr/share/texlive/texmf-dist/fonts/type1/public/am
sfonts/cm/cmbx12.pfb></usr/share/texlive/texmf-dist/fonts/type1/public/amsfonts
/cm/cmex10.pfb></usr/share/texlive/texmf-dist/fonts/type1/public/amsfonts/cm/cm
mi12.pfb></usr/share/texlive/texmf-dist/fonts/type1/public/amsfonts/cm/cmmi6.pf
b></usr/share/texlive/texmf-dist/fonts/type1/public/amsfonts/cm/cmmi8.pfb></usr
/share/texlive/texmf-dist/fonts/type1/public/amsfonts/cm/cmr10.pfb></usr/share/
texlive/texmf-dist/fonts/type1/public/amsfonts/cm/cmr12.pfb></usr/share/texlive
/texmf-dist/fonts/type1/public/amsfonts/cm/cmr6.pfb></usr/share/texlive/texmf-d
ist/fonts/type1/public/amsfonts/cm/cmr8.pfb></usr/share/texlive/texmf-dist/font
s/type1/public/amsfonts/cm/cmsy10.pfb></usr/share/texlive/texmf-dist/fonts/type
1/public/amsfonts/cm/cmsy6.pfb></usr/share/texlive/texmf-dist/fonts/type1/publi
c/amsfonts/cm/cmsy8.pfb></usr/share/texlive/texmf-dist/fonts/type1/public/amsfo
nts/cm/cmti12.pfb></usr/share/texlive/texmf-dist/fonts/type1/public/amsfonts/sy
mbols/msam10.pfb>
Output written on "thesis (1).pdf" (72 pages, 2752505 bytes).
PDF statistics:
 792 PDF objects out of 1000 (max. 8388607)
 288 compressed objects within 3 object streams
 0 named destinations out of 1000 (max. 500000)
 226 words of extra memory for PDF output out of 10000 (max. 10000000)

