This is pdfTeX, Version 3.1415926-1.40.10 (TeX Live 2009/Debian) (format=pdflatex 2013.6.18)  9 JUL 2013 14:15
entering extended mode
 %&-line parsing enabled.
**thesis.tex
(./thesis.tex
LaTeX2e <2009/09/24>
Babel <v3.8l> and hyphenation patterns for english, usenglishmax, dumylang, noh
yphenation, loaded.
(./dalcsthesis.cls
Document Class: dalcsthesis 2005/02/24 v2.4 Dalhousie University thesis class
(/usr/share/texmf-texlive/tex/latex/base/report.cls
Document Class: report 2007/10/19 v1.4h Standard LaTeX document class
(/usr/share/texmf-texlive/tex/latex/base/size12.clo
File: size12.clo 2007/10/19 v1.4h Standard LaTeX file (size option)
)
\c@part=\count79
\c@chapter=\count80
\c@section=\count81
\c@subsection=\count82
\c@subsubsection=\count83
\c@paragraph=\count84
\c@subparagraph=\count85
\c@figure=\count86
\c@table=\count87
\abovecaptionskip=\skip41
\belowcaptionskip=\skip42
\bibindent=\dimen102
)
(/usr/share/texmf-texlive/tex/latex/tools/afterpage.sty
Package: afterpage 1995/10/27 v1.08 After-Page Package (DPC)
\AP@output=\toks14
\AP@partial=\box26
\AP@footins=\box27
)
\dal@textheight@default=\skip43
\dal@textheight@footer=\skip44
\dal@tempdima=\dimen103
\dal@tempdimb=\dimen104
\dal@supervisornum=\count88
\c@dal@signatures=\count89
\c@dal@readernum=\count90
) (./thesis.aux)
\openout1 = `thesis.aux'.

LaTeX Font Info:    Checking defaults for OML/cmm/m/it on input line 7.
LaTeX Font Info:    ... okay on input line 7.
LaTeX Font Info:    Checking defaults for T1/cmr/m/n on input line 7.
LaTeX Font Info:    ... okay on input line 7.
LaTeX Font Info:    Checking defaults for OT1/cmr/m/n on input line 7.
LaTeX Font Info:    ... okay on input line 7.
LaTeX Font Info:    Checking defaults for OMS/cmsy/m/n on input line 7.
LaTeX Font Info:    ... okay on input line 7.
LaTeX Font Info:    Checking defaults for OMX/cmex/m/n on input line 7.
LaTeX Font Info:    ... okay on input line 7.
LaTeX Font Info:    Checking defaults for U/cmr/m/n on input line 7.
LaTeX Font Info:    ... okay on input line 7.

Unavoidable over/underfulls may occur in the first
few pages of dalcsthesis. These can usually be ignored.
However, if uncorrectable errors occur, notify staff.
LaTeX Info: Redefining \\ on input line 26.
LaTeX Font Info:    Try loading font information for OMS+cmr on input line 26.
(/usr/share/texmf-texlive/tex/latex/base/omscmr.fd
File: omscmr.fd 1999/05/25 v2.5h Standard LaTeX font definitions
)
LaTeX Font Info:    Font shape `OMS/cmr/m/n' in size <12> not available
(Font)              Font shape `OMS/cmsy/m/n' tried instead on input line 26.
 [1

{/var/lib/texmf/fonts/map/pdftex/updmap/pdftex.map}]
LaTeX Info: Redefining \\ on input line 26.
LaTeX Info: Redefining \\ on input line 26.
\c@dal@loopindex=\count91
 [2

]
LaTeX Info: Redefining \\ on input line 26.
 [3

] (./thesis.toc
LaTeX Font Info:    External font `cmex10' loaded for size
(Font)              <12> on input line 2.
LaTeX Font Info:    External font `cmex10' loaded for size
(Font)              <8> on input line 2.
LaTeX Font Info:    External font `cmex10' loaded for size
(Font)              <6> on input line 2.
)
\tf@toc=\write3
\openout3 = `thesis.toc'.

 [4


]
\ab@page=\count92
 [5


] [6

]
Dalthesis preface pages completed.
Chapter 1.

LaTeX Warning: Citation `latex-by-lamport' on page 1 undefined on input line 40
.


LaTeX Warning: Citation `latex-companion' on page 1 undefined on input line 41.


[1

]
Chapter 2.
[2

]
Chapter 3.
No file thesis.bbl.
[3

] (./thesis.aux)

LaTeX Warning: There were undefined references.

 ) 
Here is how much of TeX's memory you used:
 510 strings out of 495061
 6405 string characters out of 1182621
 57468 words of memory out of 3000000
 3748 multiletter control sequences out of 15000+50000
 7588 words of font info for 27 fonts, out of 3000000 for 9000
 28 hyphenation exceptions out of 8191
 28i,7n,21p,175b,226s stack positions out of 5000i,500n,10000p,200000b,50000s
</usr/share/texmf-texlive/fonts/type1/public/amsfonts/cm/cmbx12.pfb></usr/sha
re/texmf-texlive/fonts/type1/public/amsfonts/cm/cmr10.pfb></usr/share/texmf-tex
live/fonts/type1/public/amsfonts/cm/cmr12.pfb></usr/share/texmf-texlive/fonts/t
ype1/public/amsfonts/cm/cmsy10.pfb>
Output written on thesis.pdf (9 pages, 64569 bytes).
PDF statistics:
 48 PDF objects out of 1000 (max. 8388607)
 0 named destinations out of 1000 (max. 500000)
 1 words of extra memory for PDF output out of 10000 (max. 10000000)

